2025-09-02 12:08:31,329 | INFO | User query: coolie => mode=search, params={'language': 'en-US', 'sort_by': 'vote_average.desc', 'vote_count.gte': 50}, limit=10, search_term=coolie
2025-09-02 12:08:55,910 | INFO | User query: kgf => mode=search, params={'language': 'en-US', 'sort_by': 'vote_average.desc', 'vote_count.gte': 50}, limit=10, search_term=kgf
2025-09-02 12:09:19,633 | INFO | User query: 12th fail => mode=search, params={'language': 'en-US', 'sort_by': 'vote_average.desc', 'vote_count.gte': 50}, limit=10, search_term=12th fail
2025-09-02 12:10:09,310 | INFO | User query: top rating movies in tamil => mode=discover, params={'language': 'en-US', 'sort_by': 'vote_average.desc', 'vote_count.gte': 50, 'vote_average.gte': 8.0, 'with_original_language': 'ta'}, limit=10, search_term=None
2025-09-02 12:10:39,131 | INFO | User query: F1 tamil => mode=search, params={'language': 'en-US', 'sort_by': 'vote_average.desc', 'vote_count.gte': 50, 'with_original_language': 'ta'}, limit=10, search_term=F1 tamil
2025-09-02 12:10:46,609 | INFO | User query: f1 => mode=search, params={'language': 'en-US', 'sort_by': 'vote_average.desc', 'vote_count.gte': 50}, limit=10, search_term=f1
2025-09-02 12:11:36,353 | INFO | User query: Anbe Sivam => mode=search, params={'language': 'en-US', 'sort_by': 'vote_average.desc', 'vote_count.gte': 50}, limit=10, search_term=Anbe Sivam
2025-09-02 12:12:39,399 | INFO | User query: pushpa => mode=search, params={'language': 'en-US', 'sort_by': 'vote_average.desc', 'vote_count.gte': 50, 'with_origin_country': 'US'}, limit=10, search_term=pushpa
2025-09-02 12:14:09,992 | INFO | User query: mayabazzar => mode=search, params={'language': 'en-US', 'sort_by': 'vote_average.desc', 'vote_count.gte': 50}, limit=10, search_term=mayabazzar
2025-09-02 12:14:47,765 | INFO | User query: maaya bazzar => mode=search, params={'language': 'en-US', 'sort_by': 'vote_average.desc', 'vote_count.gte': 50}, limit=10, search_term=maaya bazzar
2025-09-02 12:15:00,596 | INFO | User query: maaya bazaar => mode=search, params={'language': 'en-US', 'sort_by': 'vote_average.desc', 'vote_count.gte': 50}, limit=10, search_term=maaya bazaar
2025-09-02 12:16:19,286 | INFO | User query: mayabazar => mode=search, params={'language': 'en-US', 'sort_by': 'vote_average.desc', 'vote_count.gte': 50}, limit=10, search_term=mayabazar
2025-09-02 12:20:43,098 | INFO | User query: top 10 action movies  => mode=discover, params={'language': 'en-US', 'sort_by': 'vote_average.desc', 'vote_count.gte': 50, 'vote_average.gte': 8.0, 'with_genres': 28}, limit=10, search_term=None
2025-09-02 12:22:22,982 | INFO | User query: tamil 2025 movies => mode=search, params={'language': 'en-US', 'sort_by': 'vote_average.desc', 'vote_count.gte': 50, 'with_original_language': 'ta', 'primary_release_year': 2025}, limit=10, search_term=tamil 2025 movies
2025-09-02 12:22:50,445 | INFO | User query: tamil movies 2025 => mode=search, params={'language': 'en-US', 'sort_by': 'vote_average.desc', 'vote_count.gte': 50, 'with_original_language': 'ta', 'primary_release_year': 2025}, limit=10, search_term=tamil movies 2025
2025-09-02 12:22:59,156 | INFO | User query: red tamil => mode=search, params={'language': 'en-US', 'sort_by': 'vote_average.desc', 'vote_count.gte': 50, 'with_original_language': 'ta'}, limit=10, search_term=red tamil
2025-09-02 12:23:03,211 | INFO | User query: red => mode=search, params={'language': 'en-US', 'sort_by': 'vote_average.desc', 'vote_count.gte': 50}, limit=10, search_term=red
2025-09-02 12:24:48,222 | INFO | User query: red => mode=search, params={'language': 'en-US', 'sort_by': 'vote_average.desc', 'vote_count.gte': 50}, limit=10, search_term=red
2025-09-02 12:25:54,562 | INFO | User query: best 1950 movies => mode=discover, params={'language': 'en-US', 'sort_by': 'vote_average.desc', 'vote_count.gte': 50, 'vote_average.gte': 8.0, 'primary_release_year': 1950}, limit=10, search_term=None
2025-09-02 12:26:15,748 | INFO | User query: best 1950 movies tamil => mode=discover, params={'language': 'en-US', 'sort_by': 'vote_average.desc', 'vote_count.gte': 50, 'vote_average.gte': 8.0, 'with_original_language': 'ta', 'primary_release_year': 1950}, limit=10, search_term=None
2025-09-02 12:38:59,006 | INFO | User query: 1 => mode=search, params={'language': 'en-US', 'sort_by': 'vote_average.desc', 'vote_count.gte': 50}, limit=1, search_term=1
2025-09-02 12:39:21,255 | INFO | User query: god => mode=search, params={'language': 'en-US', 'sort_by': 'vote_average.desc', 'vote_count.gte': 50}, limit=10, search_term=god
2025-09-02 12:42:41,939 | INFO | User query: two => mode=search, params={'language': 'en-US', 'sort_by': 'vote_average.desc', 'vote_count.gte': 50}, limit=10, search_term=two
2025-09-02 12:42:59,175 | INFO | User query: one => mode=search, params={'language': 'en-US', 'sort_by': 'vote_average.desc', 'vote_count.gte': 50}, limit=10, search_term=one
2025-09-02 12:44:09,149 | INFO | User query: two => mode=search, params={'language': 'en-US', 'sort_by': 'vote_average.desc', 'vote_count.gte': 50}, limit=10, search_term=two
2025-09-02 12:46:07,263 | INFO | User query: big boss => mode=search, params={'language': 'en-US', 'sort_by': 'vote_average.desc', 'vote_count.gte': 50}, limit=10, search_term=big boss
2025-09-02 12:47:51,555 | INFO | User query: two => mode=search, params={'language': 'en-US', 'sort_by': 'vote_average.desc', 'vote_count.gte': 50}, limit=10, search_term=two
2025-09-02 12:49:26,836 | INFO | User query: coolie => mode=search, params={'language': 'en-US', 'sort_by': 'vote_average.desc', 'vote_count.gte': 50}, limit=10, search_term=coolie
2025-09-02 12:49:47,283 | INFO | User query: coolie tamil => mode=search, params={'language': 'en-US', 'sort_by': 'vote_average.desc', 'vote_count.gte': 50, 'with_original_language': 'ta'}, limit=10, search_term=coolie tamil
2025-09-02 12:49:54,251 | INFO | User query: coolie 2025 => mode=search, params={'language': 'en-US', 'sort_by': 'vote_average.desc', 'vote_count.gte': 50, 'primary_release_year': 2025}, limit=10, search_term=coolie 2025
2025-09-02 12:50:01,459 | INFO | User query: coolie  => mode=search, params={'language': 'en-US', 'sort_by': 'vote_average.desc', 'vote_count.gte': 50}, limit=10, search_term=coolie
2025-09-02 12:50:21,008 | INFO | User query: Ready => mode=search, params={'language': 'en-US', 'sort_by': 'vote_average.desc', 'vote_count.gte': 50}, limit=10, search_term=Ready
2025-09-02 12:50:32,552 | INFO | User query: One peace => mode=search, params={'language': 'en-US', 'sort_by': 'vote_average.desc', 'vote_count.gte': 50}, limit=10, search_term=One peace
2025-09-02 12:50:53,703 | INFO | User query: One pi => mode=search, params={'language': 'en-US', 'sort_by': 'vote_average.desc', 'vote_count.gte': 50}, limit=10, search_term=One pi
2025-09-02 12:51:00,949 | INFO | User query: One piece => mode=search, params={'language': 'en-US', 'sort_by': 'vote_average.desc', 'vote_count.gte': 50}, limit=10, search_term=One piece
2025-09-02 13:17:43,607 | INFO | Query: red => mode=search, params={'language': 'en-US', 'sort_by': 'vote_average.desc', 'vote_count.gte': 50}, limit=10, search_term=red
2025-09-02 13:18:21,310 | INFO | Query: red => mode=search, params={'language': 'en-US', 'sort_by': 'vote_average.desc', 'vote_count.gte': 50}, limit=10, search_term=red
2025-09-02 13:18:29,482 | INFO | Query: red => mode=search, params={'language': 'en-US', 'sort_by': 'vote_average.desc', 'vote_count.gte': 50}, limit=10, search_term=red
2025-09-02 13:18:36,571 | INFO | Query: red tamil => mode=search, params={'language': 'en-US', 'sort_by': 'vote_average.desc', 'vote_count.gte': 50, 'with_original_language': 'ta'}, limit=10, search_term=red tamil
2025-09-02 13:18:43,460 | INFO | Query: black => mode=search, params={'language': 'en-US', 'sort_by': 'vote_average.desc', 'vote_count.gte': 50}, limit=10, search_term=black
2025-09-02 13:18:57,957 | INFO | Query: black => mode=search, params={'language': 'en-US', 'sort_by': 'vote_average.desc', 'vote_count.gte': 50}, limit=10, search_term=black
2025-09-02 13:19:30,440 | INFO | Query: enthiran => mode=search, params={'language': 'en-US', 'sort_by': 'vote_average.desc', 'vote_count.gte': 50}, limit=10, search_term=enthiran
2025-09-02 13:19:38,753 | INFO | Query: enthiran => mode=search, params={'language': 'en-US', 'sort_by': 'vote_average.desc', 'vote_count.gte': 50}, limit=10, search_term=enthiran
2025-09-02 13:24:08,322 | INFO | Query: enthiran => mode=search, params={'language': 'en-US', 'sort_by': 'vote_average.desc', 'vote_count.gte': 50}, limit=10, search_term=enthiran
2025-09-02 13:26:04,376 | INFO | Query: enthiran => mode=search, params={'language': 'en-US', 'sort_by': 'vote_average.desc', 'vote_count.gte': 50}, limit=10, search_term=enthiran
2025-09-02 13:26:11,639 | INFO | Query: enthiran => mode=search, params={'language': 'en-US', 'sort_by': 'vote_average.desc', 'vote_count.gte': 50}, limit=10, search_term=enthiran
2025-09-02 13:26:46,680 | INFO | Query: enthiran => mode=search, params={'language': 'en-US', 'sort_by': 'vote_average.desc', 'vote_count.gte': 50}, limit=10, search_term=enthiran
2025-09-02 13:26:47,760 | INFO | Query: enthiran => mode=search, params={'language': 'en-US', 'sort_by': 'vote_average.desc', 'vote_count.gte': 50}, limit=10, search_term=enthiran
2025-09-02 13:26:55,750 | INFO | Query: enthiran 2.0 => mode=search, params={'language': 'en-US', 'sort_by': 'vote_average.desc', 'vote_count.gte': 50}, limit=2, search_term=enthiran 2.0
2025-09-02 13:27:25,384 | INFO | Query: Top action movies => mode=discover, params={'language': 'en-US', 'sort_by': 'vote_average.desc', 'vote_count.gte': 50, 'vote_average.gte': 8.0, 'with_genres': 28}, limit=10, search_term=None
2025-09-02 13:27:33,276 | INFO | Query: Top action movies => mode=discover, params={'language': 'en-US', 'sort_by': 'vote_average.desc', 'vote_count.gte': 50, 'vote_average.gte': 8.0, 'with_genres': 28}, limit=10, search_term=None
2025-09-02 13:27:35,142 | INFO | Query: Top action movies => mode=discover, params={'language': 'en-US', 'sort_by': 'vote_average.desc', 'vote_count.gte': 50, 'vote_average.gte': 8.0, 'with_genres': 28}, limit=10, search_term=None
2025-09-02 13:27:35,947 | INFO | Query: Top action movies => mode=discover, params={'language': 'en-US', 'sort_by': 'vote_average.desc', 'vote_count.gte': 50, 'vote_average.gte': 8.0, 'with_genres': 28}, limit=10, search_term=None
2025-09-02 13:27:39,309 | INFO | Query: Top action movies => mode=discover, params={'language': 'en-US', 'sort_by': 'vote_average.desc', 'vote_count.gte': 50, 'vote_average.gte': 8.0, 'with_genres': 28}, limit=10, search_term=None
2025-09-02 13:27:40,204 | INFO | Query: Top action movies => mode=discover, params={'language': 'en-US', 'sort_by': 'vote_average.desc', 'vote_count.gte': 50, 'vote_average.gte': 8.0, 'with_genres': 28}, limit=10, search_term=None
2025-09-02 13:27:41,112 | INFO | Query: Top action movies => mode=discover, params={'language': 'en-US', 'sort_by': 'vote_average.desc', 'vote_count.gte': 50, 'vote_average.gte': 8.0, 'with_genres': 28}, limit=10, search_term=None
2025-09-02 13:27:42,235 | INFO | Query: Top action movies => mode=discover, params={'language': 'en-US', 'sort_by': 'vote_average.desc', 'vote_count.gte': 50, 'vote_average.gte': 8.0, 'with_genres': 28}, limit=10, search_term=None
2025-09-02 13:27:42,427 | INFO | Query: Top action movies => mode=discover, params={'language': 'en-US', 'sort_by': 'vote_average.desc', 'vote_count.gte': 50, 'vote_average.gte': 8.0, 'with_genres': 28}, limit=10, search_term=None
2025-09-02 13:27:46,150 | INFO | Query: Top action movies => mode=discover, params={'language': 'en-US', 'sort_by': 'vote_average.desc', 'vote_count.gte': 50, 'vote_average.gte': 8.0, 'with_genres': 28}, limit=10, search_term=None
2025-09-02 13:27:46,860 | INFO | Query: Top action movies => mode=discover, params={'language': 'en-US', 'sort_by': 'vote_average.desc', 'vote_count.gte': 50, 'vote_average.gte': 8.0, 'with_genres': 28}, limit=10, search_term=None
2025-09-02 13:27:47,414 | INFO | Query: Top action movies => mode=discover, params={'language': 'en-US', 'sort_by': 'vote_average.desc', 'vote_count.gte': 50, 'vote_average.gte': 8.0, 'with_genres': 28}, limit=10, search_term=None
2025-09-02 13:27:49,462 | INFO | Query: Top action movies => mode=discover, params={'language': 'en-US', 'sort_by': 'vote_average.desc', 'vote_count.gte': 50, 'vote_average.gte': 8.0, 'with_genres': 28}, limit=10, search_term=None
2025-09-02 13:27:50,346 | INFO | Query: Top action movies => mode=discover, params={'language': 'en-US', 'sort_by': 'vote_average.desc', 'vote_count.gte': 50, 'vote_average.gte': 8.0, 'with_genres': 28}, limit=10, search_term=None
2025-09-02 13:29:12,386 | INFO | Query: Top tamil moves => mode=discover, params={'language': 'en-US', 'sort_by': 'vote_average.desc', 'vote_count.gte': 50, 'vote_average.gte': 8.0, 'with_original_language': 'ta'}, limit=10, search_term=None
2025-09-02 13:30:09,327 | INFO | Query: Top tamil moves => mode=discover, params={'language': 'en-US', 'sort_by': 'vote_average.desc', 'vote_count.gte': 50, 'vote_average.gte': 8.0, 'with_original_language': 'ta'}, limit=10, search_term=None
2025-09-02 13:30:09,381 | INFO | Query: Top tamil moves => mode=discover, params={'language': 'en-US', 'sort_by': 'vote_average.desc', 'vote_count.gte': 50, 'vote_average.gte': 8.0, 'with_original_language': 'ta'}, limit=10, search_term=None
2025-09-02 13:30:10,196 | INFO | Query: Top tamil moves => mode=discover, params={'language': 'en-US', 'sort_by': 'vote_average.desc', 'vote_count.gte': 50, 'vote_average.gte': 8.0, 'with_original_language': 'ta'}, limit=10, search_term=None
2025-09-02 13:30:10,251 | INFO | Query: Top tamil moves => mode=discover, params={'language': 'en-US', 'sort_by': 'vote_average.desc', 'vote_count.gte': 50, 'vote_average.gte': 8.0, 'with_original_language': 'ta'}, limit=10, search_term=None
2025-09-02 13:35:19,046 | INFO | Query: tamil movies => mode=search, params={'language': 'en-US', 'sort_by': 'vote_average.desc', 'vote_count.gte': 50, 'with_original_language': 'ta'}, limit=10, search_term=tamil movies
2025-09-02 13:35:28,099 | INFO | Query: top tamil movies => mode=discover, params={'language': 'en-US', 'sort_by': 'vote_average.desc', 'vote_count.gte': 50, 'vote_average.gte': 8.0, 'with_original_language': 'ta'}, limit=10, search_term=None
2025-09-02 13:35:33,044 | INFO | Query: top tamil movies 2025 => mode=discover, params={'language': 'en-US', 'sort_by': 'vote_average.desc', 'vote_count.gte': 50, 'vote_average.gte': 8.0, 'with_original_language': 'ta', 'primary_release_year': 2025}, limit=10, search_term=None
2025-09-02 13:35:36,731 | INFO | Query: top tamil movies  => mode=discover, params={'language': 'en-US', 'sort_by': 'vote_average.desc', 'vote_count.gte': 50, 'vote_average.gte': 8.0, 'with_original_language': 'ta'}, limit=10, search_term=None
2025-09-02 13:40:04,993 | INFO | Query: top moveis => mode=discover, params={'language': 'en-US', 'sort_by': 'vote_average.desc', 'vote_count.gte': 50, 'vote_average.gte': 8.0}, limit=10, search_term=None
2025-09-02 13:42:24,159 | INFO | Query: top movies => mode=discover, params={'language': 'en-US', 'sort_by': 'vote_average.desc', 'vote_count.gte': 50, 'vote_average.gte': 8.0}, limit=10, search_term=None
2025-09-02 13:42:34,272 | INFO | Query: top movies tamil => mode=discover, params={'language': 'en-US', 'sort_by': 'vote_average.desc', 'vote_count.gte': 50, 'vote_average.gte': 8.0, 'with_original_language': 'ta'}, limit=10, search_term=None
2025-09-02 13:42:54,243 | INFO | Query: Tamil 2025 movies => mode=search, params={'language': 'en-US', 'sort_by': 'vote_average.desc', 'vote_count.gte': 50, 'with_original_language': 'ta', 'primary_release_year': 2025}, limit=10, search_term=Tamil 2025 movies
2025-09-02 13:45:10,667 | INFO | Query: Tamil 2025 movies => mode=search, params={'language': 'en-US', 'sort_by': 'vote_average.desc', 'vote_count.gte': 50, 'with_original_language': 'ta', 'primary_release_year': 2025}, limit=10, search_term=Tamil 2025 movies
2025-09-02 13:46:26,444 | INFO | Query: top moveis tamil => mode=discover, params={'language': 'en-US', 'sort_by': 'vote_average.desc', 'vote_count.gte': 50, 'vote_average.gte': 8.0, 'with_original_language': 'ta'}, limit=10, search_term=None
2025-09-02 13:51:16,883 | INFO | Query: Tamil 2025 movies => mode=search, params={'language': 'en-US', 'sort_by': 'vote_average.desc', 'vote_count.gte': 50, 'with_original_language': 'ta', 'primary_release_year': 2025}, limit=10, search_term=Tamil 2025 movies
2025-09-03 08:18:01,890 | INFO | Query: thirisulam => mode=search, params={'language': 'en-US', 'sort_by': 'vote_average.desc', 'vote_count.gte': 50}, limit=10, search_term=thirisulam
2025-09-03 08:18:33,274 | INFO | Query: Trisulam => mode=search, params={'language': 'en-US', 'sort_by': 'vote_average.desc', 'vote_count.gte': 50}, limit=10, search_term=Trisulam
2025-09-03 08:18:33,663 | INFO | Error processing query 'Trisulam': ('Connection aborted.', ConnectionResetError(10054, 'An existing connection was forcibly closed by the remote host', None, 10054, None))
2025-09-03 08:18:55,617 | INFO | Query: Trisulam => mode=search, params={'language': 'en-US', 'sort_by': 'vote_average.desc', 'vote_count.gte': 50}, limit=10, search_term=Trisulam
2025-09-03 08:18:56,083 | INFO | Error processing query 'Trisulam': ('Connection aborted.', ConnectionResetError(10054, 'An existing connection was forcibly closed by the remote host', None, 10054, None))
2025-09-03 08:19:00,320 | INFO | Query: red => mode=search, params={'language': 'en-US', 'sort_by': 'vote_average.desc', 'vote_count.gte': 50}, limit=10, search_term=red
2025-09-03 08:19:16,295 | INFO | Query: trisulam => mode=search, params={'language': 'en-US', 'sort_by': 'vote_average.desc', 'vote_count.gte': 50}, limit=10, search_term=trisulam
2025-09-03 08:20:21,868 | INFO | Query: Thirisoolam => mode=search, params={'language': 'en-US', 'sort_by': 'vote_average.desc', 'vote_count.gte': 50}, limit=10, search_term=Thirisoolam
2025-09-03 08:21:40,643 | INFO | Query: top tamil movies => mode=discover, params={'language': 'en-US', 'sort_by': 'vote_average.desc', 'vote_count.gte': 50, 'vote_average.gte': 8.0, 'with_original_language': 'ta'}, limit=10, search_term=None
2025-09-03 08:22:11,466 | INFO | Query: top tamil movies => mode=discover, params={'language': 'en-US', 'sort_by': 'vote_average.desc', 'vote_count.gte': 50, 'vote_average.gte': 8.0, 'with_original_language': 'ta'}, limit=10, search_term=None
2025-09-03 08:22:11,526 | INFO | Query: top tamil movies => mode=discover, params={'language': 'en-US', 'sort_by': 'vote_average.desc', 'vote_count.gte': 50, 'vote_average.gte': 8.0, 'with_original_language': 'ta'}, limit=10, search_term=None
2025-09-03 08:22:22,566 | INFO | Query: top tamil movies => mode=discover, params={'language': 'en-US', 'sort_by': 'vote_average.desc', 'vote_count.gte': 50, 'vote_average.gte': 8.0, 'with_original_language': 'ta'}, limit=10, search_term=None
2025-09-03 08:22:22,616 | INFO | Query: top tamil movies => mode=discover, params={'language': 'en-US', 'sort_by': 'vote_average.desc', 'vote_count.gte': 50, 'vote_average.gte': 8.0, 'with_original_language': 'ta'}, limit=10, search_term=None
